<?xml version="1.0" encoding="UTF-8"?>
<!-- Generated by org.testng.reporters.JUnitReportReporter -->
<testsuite hostname="JOBITO" failures="0" tests="1" name="testing.seleniumDemo2" time="45.701" errors="0" timestamp="2023-05-15T08:40:39 IST" skipped="0">
  <testcase classname="testing.seleniumDemo2" name="a" time="45.701"/>
  <system-out/>
</testsuite> <!-- testing.seleniumDemo2 -->
